*** Starting uWSGI 2.0.17 (64bit) on [Fri Mar  1 21:12:35 2019] ***
compiled with version: 8.2.0 on 01 March 2019 12:13:37
os: Linux-4.9.125-linuxkit #1 SMP Fri Sep 7 08:20:28 UTC 2018
nodename: 99d7a8ed7d94
machine: x86_64
clock source: unix
detected number of CPU cores: 2
current working directory: /app
detected binary path: /usr/bin/uwsgi
!!! no internal routing support, rebuild with pcre support !!!
your memory page size is 4096 bytes
detected max file descriptor number: 1048576
lock engine: pthread robust mutexes
thunder lock: disabled (you can enable it with --thunder-lock)
uwsgi socket 0 bound to TCP address :8001 fd 3
Python version: 3.6.8 (default, Jan 24 2019, 16:36:30)  [GCC 8.2.0]
Python main interpreter initialized at 0x55e081752a00
python threads support enabled
your server socket listen backlog is limited to 100 connections
your mercy for graceful operations on workers is 60 seconds
mapped 145840 bytes (142 KB) for 1 cores
*** Operational MODE: single process ***
WSGI app 0 (mountpoint='') ready in 1 seconds on interpreter 0x55e081752a00 pid: 1 (default app)
mountpoint  already configured. skip.
*** uWSGI is running in multiple interpreter mode ***
spawned uWSGI master process (pid: 1)
spawned uWSGI worker 1 (pid: 6, cores: 1)
Python auto-reloader enabled
...brutally killing workers...
worker 1 buried after 1 seconds
binary reloading uWSGI...
chdir() to /app
closing all non-uwsgi socket fds > 2 (max_fd = 1048576)...
found fd 3 mapped to socket 0 (:8001)
running /usr/bin/uwsgi
[uWSGI] getting INI configuration from /app/superlists/django.ini
*** Starting uWSGI 2.0.17 (64bit) on [Fri Mar  1 21:15:32 2019] ***
compiled with version: 8.2.0 on 01 March 2019 12:13:37
os: Linux-4.9.125-linuxkit #1 SMP Fri Sep 7 08:20:28 UTC 2018
nodename: 99d7a8ed7d94
machine: x86_64
clock source: unix
detected number of CPU cores: 2
current working directory: /app
detected binary path: /usr/bin/uwsgi
!!! no internal routing support, rebuild with pcre support !!!
your memory page size is 4096 bytes
detected max file descriptor number: 1048576
lock engine: pthread robust mutexes
thunder lock: disabled (you can enable it with --thunder-lock)
uwsgi socket 0 inherited INET address :8001 fd 3
Python version: 3.6.8 (default, Jan 24 2019, 16:36:30)  [GCC 8.2.0]
Python main interpreter initialized at 0x564093a319a0
python threads support enabled
your server socket listen backlog is limited to 100 connections
your mercy for graceful operations on workers is 60 seconds
mapped 145840 bytes (142 KB) for 1 cores
*** Operational MODE: single process ***
WSGI app 0 (mountpoint='') ready in 1 seconds on interpreter 0x564093a319a0 pid: 1 (default app)
mountpoint  already configured. skip.
*** uWSGI is running in multiple interpreter mode ***
gracefully (RE)spawned uWSGI master process (pid: 1)
spawned uWSGI worker 1 (pid: 8, cores: 1)
Python auto-reloader enabled
*** Starting uWSGI 2.0.17 (64bit) on [Fri Mar  1 21:16:22 2019] ***
compiled with version: 8.2.0 on 01 March 2019 12:13:37
os: Linux-4.9.125-linuxkit #1 SMP Fri Sep 7 08:20:28 UTC 2018
nodename: 99d7a8ed7d94
machine: x86_64
clock source: unix
detected number of CPU cores: 2
current working directory: /app
detected binary path: /usr/bin/uwsgi
!!! no internal routing support, rebuild with pcre support !!!
your memory page size is 4096 bytes
detected max file descriptor number: 1048576
lock engine: pthread robust mutexes
thunder lock: disabled (you can enable it with --thunder-lock)
uwsgi socket 0 bound to TCP address :8001 fd 3
Python version: 3.6.8 (default, Jan 24 2019, 16:36:30)  [GCC 8.2.0]
Python main interpreter initialized at 0x55d458ee2a00
python threads support enabled
your server socket listen backlog is limited to 100 connections
your mercy for graceful operations on workers is 60 seconds
mapped 145840 bytes (142 KB) for 1 cores
*** Operational MODE: single process ***
WSGI app 0 (mountpoint='') ready in 0 seconds on interpreter 0x55d458ee2a00 pid: 1 (default app)
mountpoint  already configured. skip.
*** uWSGI is running in multiple interpreter mode ***
spawned uWSGI master process (pid: 1)
spawned uWSGI worker 1 (pid: 6, cores: 1)
Python auto-reloader enabled
...brutally killing workers...
worker 1 buried after 1 seconds
binary reloading uWSGI...
chdir() to /app
closing all non-uwsgi socket fds > 2 (max_fd = 1048576)...
found fd 3 mapped to socket 0 (:8001)
running /usr/bin/uwsgi
[uWSGI] getting INI configuration from /app/superlists/django.ini
*** Starting uWSGI 2.0.17 (64bit) on [Fri Mar  1 21:19:41 2019] ***
compiled with version: 8.2.0 on 01 March 2019 12:13:37
os: Linux-4.9.125-linuxkit #1 SMP Fri Sep 7 08:20:28 UTC 2018
nodename: 99d7a8ed7d94
machine: x86_64
clock source: unix
detected number of CPU cores: 2
current working directory: /app
detected binary path: /usr/bin/uwsgi
!!! no internal routing support, rebuild with pcre support !!!
your memory page size is 4096 bytes
detected max file descriptor number: 1048576
lock engine: pthread robust mutexes
thunder lock: disabled (you can enable it with --thunder-lock)
uwsgi socket 0 inherited INET address :8001 fd 3
Python version: 3.6.8 (default, Jan 24 2019, 16:36:30)  [GCC 8.2.0]
Python main interpreter initialized at 0x55ecb30ab9a0
python threads support enabled
your server socket listen backlog is limited to 100 connections
your mercy for graceful operations on workers is 60 seconds
mapped 145840 bytes (142 KB) for 1 cores
*** Operational MODE: single process ***
WSGI app 0 (mountpoint='') ready in 0 seconds on interpreter 0x55ecb30ab9a0 pid: 1 (default app)
mountpoint  already configured. skip.
*** uWSGI is running in multiple interpreter mode ***
gracefully (RE)spawned uWSGI master process (pid: 1)
spawned uWSGI worker 1 (pid: 8, cores: 1)
Python auto-reloader enabled
*** Starting uWSGI 2.0.17 (64bit) on [Fri Mar  1 21:20:14 2019] ***
compiled with version: 8.2.0 on 01 March 2019 12:13:37
os: Linux-4.9.125-linuxkit #1 SMP Fri Sep 7 08:20:28 UTC 2018
nodename: 99d7a8ed7d94
machine: x86_64
clock source: unix
detected number of CPU cores: 2
current working directory: /app
detected binary path: /usr/bin/uwsgi
!!! no internal routing support, rebuild with pcre support !!!
your memory page size is 4096 bytes
detected max file descriptor number: 1048576
lock engine: pthread robust mutexes
thunder lock: disabled (you can enable it with --thunder-lock)
uwsgi socket 0 bound to TCP address :8001 fd 3
Python version: 3.6.8 (default, Jan 24 2019, 16:36:30)  [GCC 8.2.0]
Python main interpreter initialized at 0x558d75e10a00
python threads support enabled
your server socket listen backlog is limited to 100 connections
your mercy for graceful operations on workers is 60 seconds
mapped 145840 bytes (142 KB) for 1 cores
*** Operational MODE: single process ***
WSGI app 0 (mountpoint='') ready in 1 seconds on interpreter 0x558d75e10a00 pid: 1 (default app)
mountpoint  already configured. skip.
*** uWSGI is running in multiple interpreter mode ***
spawned uWSGI master process (pid: 1)
spawned uWSGI worker 1 (pid: 6, cores: 1)
Python auto-reloader enabled
[pid: 6|app: 0|req: 1/1] 172.24.0.1 () {44 vars in 1052 bytes} [Fri Mar  1 21:20:52 2019] GET / => generated 424 bytes in 43 msecs (HTTP/1.1 200) 5 headers in 277 bytes (1 switches on core 0)
Not Found: /favicon.ico
[pid: 6|app: 0|req: 2/2] 172.24.0.1 () {46 vars in 1053 bytes} [Fri Mar  1 21:20:52 2019] GET /favicon.ico => generated 2212 bytes in 15 msecs (HTTP/1.1 404) 3 headers in 102 bytes (1 switches on core 0)
